#
# A fatal error has been detected by the Java Runtime Environment:
#
#  EXCEPTION_ACCESS_VIOLATION (0xc0000005) at pc=0x75c67610, pid=3600, tid=448
#
# JRE version: 6.0_17-b04
# Java VM: Java HotSpot(TM) Client VM (14.3-b01 mixed mode windows-x86 )
# Problematic frame:
# C  [ole32.dll+0x37610]
#
# If you would like to submit a bug report, please visit:
#   http://java.sun.com/webapps/bugreport/crash.jsp
# The crash happened outside the Java Virtual Machine in native code.
# See problematic frame for where to report the bug.
#

---------------  T H R E A D  ---------------

Current thread (0x182ac400):  JavaThread "AWT-EventQueue-0" [_thread_in_native, id=448, stack(0x18680000,0x186d0000)]

siginfo: ExceptionCode=0xc0000005, reading address 0x00000060

Registers:
EAX=0x00000000, EBX=0x01a07590, ECX=0x75d773b0, EDX=0x00000001
ESP=0x186cf334, EBP=0x186cf364, ESI=0x002cbdd0, EDI=0x002e58a8
EIP=0x75c67610, EFLAGS=0x00010246

Top of Stack: (sp=0x186cf334)
0x186cf334:   01a07590 002e58a8 00000000 00000000
0x186cf344:   75c75cce 002cbdd0 00000000 75c842bf
0x186cf354:   002e58ac 186cf36c 75c8003b 9b107df6
0x186cf364:   186cf380 75c6754a 183b41a8 00000000
0x186cf374:   75d6d83e 18d280e8 002e58a8 186cf3cc
0x186cf384:   75cbe0a1 9b107d5e 18d280e8 18d280e8
0x186cf394:   01a07590 77727695 00c9f8d8 00009824
0x186cf3a4:   6d153b30 186cf3d0 00000000 183b4168 

Instructions: (pc=0x75c67610)
0x75c67600:   40 0c 80 0f 84 a1 26 00 00 8b 46 40 53 89 46 38
0x75c67610:   8b 48 60 68 c0 85 c7 75 89 4e 48 8b 40 64 68 b0 


Stack: [0x18680000,0x186d0000],  sp=0x186cf334,  free space=316k
Native frames: (J=compiled Java code, j=interpreted, Vv=VM code, C=native code)
C  [ole32.dll+0x37610]
C  [ole32.dll+0x3754a]
C  [ole32.dll+0x8e0a1]
C  [awt.dll+0x6fb7d]
j  sun.awt.windows.WComponentPeer.removeNativeDropTarget()V+0
j  sun.awt.windows.WComponentPeer.removeDropTarget(Ljava/awt/dnd/DropTarget;)V+18
j  java.awt.dnd.DropTarget.removeNotify(Ljava/awt/peer/ComponentPeer;)V+15
j  java.awt.Component.removeNotify()V+211
j  java.awt.Container.removeNotify()V+71
j  javax.swing.JComponent.removeNotify()V+1
j  javax.swing.text.JTextComponent.removeNotify()V+1
j  java.awt.Container.removeNotify()V+42
j  javax.swing.JComponent.removeNotify()V+1
j  java.awt.Container.removeNotify()V+42
j  javax.swing.JComponent.removeNotify()V+1
j  java.awt.Container.remove(I)V+55
j  java.awt.Container.remove(Ljava/awt/Component;)V+32
j  co.th.aten.hospital.ui.InitView.onApplicationEvent(Lorg/springframework/context/ApplicationEvent;)V+86
j  org.springframework.context.event.SimpleApplicationEventMulticaster$1.run()V+8
j  org.springframework.core.task.SyncTaskExecutor.execute(Ljava/lang/Runnable;)V+7
j  org.springframework.context.event.SimpleApplicationEventMulticaster.multicastEvent(Lorg/springframework/context/ApplicationEvent;)V+43
j  org.springframework.context.support.AbstractApplicationContext.publishEvent(Lorg/springframework/context/ApplicationEvent;)V+63
j  co.th.aten.hospital.ui.LoginPanel$1.done()V+79
j  javax.swing.SwingWorker$5.run()V+4
j  javax.swing.SwingWorker$DoSubmitAccumulativeRunnable.run(Ljava/util/List;)V+27
j  sun.swing.AccumulativeRunnable.run()V+5
j  javax.swing.SwingWorker$DoSubmitAccumulativeRunnable.actionPerformed(Ljava/awt/event/ActionEvent;)V+1
j  javax.swing.Timer.fireActionPerformed(Ljava/awt/event/ActionEvent;)V+35
j  javax.swing.Timer$DoPostEvent.run()V+71
j  java.awt.event.InvocationEvent.dispatch()V+47
j  java.awt.EventQueue.dispatchEvent(Ljava/awt/AWTEvent;)V+26
j  java.awt.EventDispatchThread.pumpOneEventForFilters(I)Z+204
j  java.awt.EventDispatchThread.pumpEventsForFilter(ILjava/awt/Conditional;Ljava/awt/EventFilter;)V+30
j  java.awt.EventDispatchThread.pumpEventsForHierarchy(ILjava/awt/Conditional;Ljava/awt/Component;)V+11
j  java.awt.EventDispatchThread.pumpEvents(ILjava/awt/Conditional;)V+4
j  java.awt.EventDispatchThread.pumpEvents(Ljava/awt/Conditional;)V+3
j  java.awt.EventDispatchThread.run()V+9
v  ~StubRoutines::call_stub
V  [jvm.dll+0xecf9c]
V  [jvm.dll+0x1741d1]
V  [jvm.dll+0xed167]
V  [jvm.dll+0xed1dd]
V  [jvm.dll+0x116290]
V  [jvm.dll+0x1d0414]
V  [jvm.dll+0x173e4c]
C  [msvcr71.dll+0x9565]
C  [kernel32.dll+0x51174]
C  [ntdll.dll+0x5b3f5]
C  [ntdll.dll+0x5b3c8]

Java frames: (J=compiled Java code, j=interpreted, Vv=VM code)
j  sun.awt.windows.WComponentPeer.removeNativeDropTarget()V+0
j  sun.awt.windows.WComponentPeer.removeDropTarget(Ljava/awt/dnd/DropTarget;)V+18
j  java.awt.dnd.DropTarget.removeNotify(Ljava/awt/peer/ComponentPeer;)V+15
j  java.awt.Component.removeNotify()V+211
j  java.awt.Container.removeNotify()V+71
j  javax.swing.JComponent.removeNotify()V+1
j  javax.swing.text.JTextComponent.removeNotify()V+1
j  java.awt.Container.removeNotify()V+42
j  javax.swing.JComponent.removeNotify()V+1
j  java.awt.Container.removeNotify()V+42
j  javax.swing.JComponent.removeNotify()V+1
j  java.awt.Container.remove(I)V+55
j  java.awt.Container.remove(Ljava/awt/Component;)V+32
j  co.th.aten.hospital.ui.InitView.onApplicationEvent(Lorg/springframework/context/ApplicationEvent;)V+86
j  org.springframework.context.event.SimpleApplicationEventMulticaster$1.run()V+8
j  org.springframework.core.task.SyncTaskExecutor.execute(Ljava/lang/Runnable;)V+7
j  org.springframework.context.event.SimpleApplicationEventMulticaster.multicastEvent(Lorg/springframework/context/ApplicationEvent;)V+43
j  org.springframework.context.support.AbstractApplicationContext.publishEvent(Lorg/springframework/context/ApplicationEvent;)V+63
j  co.th.aten.hospital.ui.LoginPanel$1.done()V+79
j  javax.swing.SwingWorker$5.run()V+4
j  javax.swing.SwingWorker$DoSubmitAccumulativeRunnable.run(Ljava/util/List;)V+27
j  sun.swing.AccumulativeRunnable.run()V+5
j  javax.swing.SwingWorker$DoSubmitAccumulativeRunnable.actionPerformed(Ljava/awt/event/ActionEvent;)V+1
j  javax.swing.Timer.fireActionPerformed(Ljava/awt/event/ActionEvent;)V+35
j  javax.swing.Timer$DoPostEvent.run()V+71
j  java.awt.event.InvocationEvent.dispatch()V+47
j  java.awt.EventQueue.dispatchEvent(Ljava/awt/AWTEvent;)V+26
j  java.awt.EventDispatchThread.pumpOneEventForFilters(I)Z+204
j  java.awt.EventDispatchThread.pumpEventsForFilter(ILjava/awt/Conditional;Ljava/awt/EventFilter;)V+30
j  java.awt.EventDispatchThread.pumpEventsForHierarchy(ILjava/awt/Conditional;Ljava/awt/Component;)V+11
j  java.awt.EventDispatchThread.pumpEvents(ILjava/awt/Conditional;)V+4
j  java.awt.EventDispatchThread.pumpEvents(Ljava/awt/Conditional;)V+3
j  java.awt.EventDispatchThread.run()V+9
v  ~StubRoutines::call_stub

---------------  P R O C E S S  ---------------

Java Threads: ( => current thread )
  0x17ea2c00 JavaThread "Java Sound Event Dispatcher" daemon [_thread_blocked, id=3636, stack(0x19e10000,0x19e60000)]
  0x17ea2400 JavaThread "MSG_RESTORE" [_thread_blocked, id=2556, stack(0x19cd0000,0x19d20000)]
  0x18d7e800 JavaThread "Thread-5" [_thread_blocked, id=696, stack(0x19c80000,0x19cd0000)]
  0x18d7e000 JavaThread "Timer-0" daemon [_thread_blocked, id=1316, stack(0x19c30000,0x19c80000)]
  0x18d7dc00 JavaThread "Image Fetcher 0" daemon [_thread_blocked, id=168, stack(0x19be0000,0x19c30000)]
  0x18d23400 JavaThread "SwingWorker-pool-1-thread-1" [_thread_blocked, id=788, stack(0x18b30000,0x18b80000)]
  0x18d20400 JavaThread "TimerQueue" daemon [_thread_blocked, id=1048, stack(0x19a90000,0x19ae0000)]
  0x0022b800 JavaThread "DestroyJavaVM" [_thread_blocked, id=2160, stack(0x001a0000,0x001f0000)]
  0x18d49800 JavaThread "Thread-3" [_thread_in_native, id=2576, stack(0x194b0000,0x19500000)]
=>0x182ac400 JavaThread "AWT-EventQueue-0" [_thread_in_native, id=448, stack(0x18680000,0x186d0000)]
  0x18157400 JavaThread "AWT-Windows" daemon [_thread_in_native, id=3376, stack(0x18630000,0x18680000)]
  0x1803c800 JavaThread "AWT-Shutdown" [_thread_blocked, id=3268, stack(0x18420000,0x18470000)]
  0x1803a000 JavaThread "Java2D Disposer" daemon [_thread_blocked, id=2480, stack(0x183d0000,0x18420000)]
  0x01a44400 JavaThread "Low Memory Detector" daemon [_thread_blocked, id=916, stack(0x17d30000,0x17d80000)]
  0x01a13000 JavaThread "CompilerThread0" daemon [_thread_blocked, id=1660, stack(0x17ce0000,0x17d30000)]
  0x01a12400 JavaThread "Attach Listener" daemon [_thread_blocked, id=636, stack(0x17c90000,0x17ce0000)]
  0x01a0f800 JavaThread "Signal Dispatcher" daemon [_thread_blocked, id=1424, stack(0x17c40000,0x17c90000)]
  0x01a00800 JavaThread "Finalizer" daemon [_thread_blocked, id=2852, stack(0x17bf0000,0x17c40000)]
  0x019fbc00 JavaThread "Reference Handler" daemon [_thread_blocked, id=1292, stack(0x17ba0000,0x17bf0000)]

Other Threads:
  0x019f8000 VMThread [stack: 0x00390000,0x003e0000] [id=2456]
  0x01a4dc00 WatcherThread [stack: 0x17d80000,0x17dd0000] [id=3416]

VM state:not at safepoint (normal execution)

VM Mutex/Monitor currently owned by a thread: None

Heap
 def new generation   total 960K, used 587K [0x03a70000, 0x03b70000, 0x04e20000)
  eden space 896K,  58% used [0x03a70000, 0x03af2fe0, 0x03b50000)
  from space 64K, 100% used [0x03b60000, 0x03b70000, 0x03b70000)
  to   space 64K,   0% used [0x03b50000, 0x03b50000, 0x03b60000)
 tenured generation   total 12748K, used 10391K [0x04e20000, 0x05a93000, 0x13a70000)
   the space 12748K,  81% used [0x04e20000, 0x05845e50, 0x05846000, 0x05a93000)
 compacting perm gen  total 19200K, used 19067K [0x13a70000, 0x14d30000, 0x17a70000)
   the space 19200K,  99% used [0x13a70000, 0x14d0ecb8, 0x14d0ee00, 0x14d30000)
No shared spaces configured.

Dynamic libraries:
0x00400000 - 0x00424000 	C:\Program Files\Java\jdk1.6.0_17\jre\bin\java.exe
0x777e0000 - 0x7791c000 	C:\Windows\SYSTEM32\ntdll.dll
0x77630000 - 0x77704000 	C:\Windows\system32\kernel32.dll
0x759b0000 - 0x759fa000 	C:\Windows\system32\KERNELBASE.dll
0x76c30000 - 0x76cd0000 	C:\Windows\system32\ADVAPI32.dll
0x76b80000 - 0x76c2c000 	C:\Windows\system32\msvcrt.dll
0x77920000 - 0x77939000 	C:\Windows\SYSTEM32\sechost.dll
0x77440000 - 0x774e1000 	C:\Windows\system32\RPCRT4.dll
0x7c340000 - 0x7c396000 	C:\Program Files\Java\jdk1.6.0_17\jre\bin\msvcr71.dll
0x6d8b0000 - 0x6db3b000 	C:\Program Files\Java\jdk1.6.0_17\jre\bin\client\jvm.dll
0x77710000 - 0x777d9000 	C:\Windows\system32\USER32.dll
0x76f40000 - 0x76f8e000 	C:\Windows\system32\GDI32.dll
0x77970000 - 0x7797a000 	C:\Windows\system32\LPK.dll
0x76ea0000 - 0x76f3d000 	C:\Windows\system32\USP10.dll
0x71040000 - 0x71072000 	C:\Windows\system32\WINMM.dll
0x77940000 - 0x7795f000 	C:\Windows\system32\IMM32.DLL
0x76fd0000 - 0x7709c000 	C:\Windows\system32\MSCTF.dll
0x75860000 - 0x758ab000 	C:\Windows\system32\apphelp.dll
0x6d860000 - 0x6d86c000 	C:\Program Files\Java\jdk1.6.0_17\jre\bin\verify.dll
0x6d3e0000 - 0x6d3ff000 	C:\Program Files\Java\jdk1.6.0_17\jre\bin\java.dll
0x6d340000 - 0x6d348000 	C:\Program Files\Java\jdk1.6.0_17\jre\bin\hpi.dll
0x76e90000 - 0x76e95000 	C:\Windows\system32\PSAPI.DLL
0x6d8a0000 - 0x6d8af000 	C:\Program Files\Java\jdk1.6.0_17\jre\bin\zip.dll
0x6d0b0000 - 0x6d1fa000 	C:\Program Files\Java\jdk1.6.0_17\jre\bin\awt.dll
0x72100000 - 0x72151000 	C:\Windows\system32\WINSPOOL.DRV
0x75c30000 - 0x75d8c000 	C:\Windows\system32\ole32.dll
0x74890000 - 0x74a2e000 	C:\Windows\WinSxS\x86_microsoft.windows.common-controls_6595b64144ccf1df_6.0.7600.16385_none_421189da2b7fabfc\comctl32.dll
0x76e20000 - 0x76e77000 	C:\Windows\system32\SHLWAPI.dll
0x74370000 - 0x74383000 	C:\Windows\system32\DWMAPI.DLL
0x74610000 - 0x74650000 	C:\Windows\system32\uxtheme.dll
0x758b0000 - 0x758bc000 	C:\Windows\system32\CRYPTBASE.dll
0x75ea0000 - 0x76ae9000 	C:\Windows\system32\shell32.dll
0x6d2e0000 - 0x6d334000 	C:\Program Files\Java\jdk1.6.0_17\jre\bin\fontmanager.dll
0x6d500000 - 0x6d524000 	C:\Program Files\Java\jdk1.6.0_17\jre\bin\jpeg.dll
0x75e10000 - 0x75e93000 	C:\Windows\system32\CLBCatQ.DLL
0x76af0000 - 0x76b7f000 	C:\Windows\system32\OLEAUT32.dll
0x6d6c0000 - 0x6d6d3000 	C:\Program Files\Java\jdk1.6.0_17\jre\bin\net.dll
0x76f90000 - 0x76fc5000 	C:\Windows\system32\WS2_32.dll
0x77960000 - 0x77966000 	C:\Windows\system32\NSI.dll
0x753a0000 - 0x753dc000 	C:\Windows\system32\mswsock.dll
0x75390000 - 0x75396000 	C:\Windows\System32\wship6.dll
0x6d6e0000 - 0x6d6e9000 	C:\Program Files\Java\jdk1.6.0_17\jre\bin\nio.dll
0x19500000 - 0x19508000 	C:\Program Files\Internet Download Manager\idmmkb.dll
0x74ec0000 - 0x74ec5000 	C:\Windows\System32\wshtcpip.dll
0x6d5d0000 - 0x6d5f4000 	C:\Program Files\Java\jdk1.6.0_17\jre\bin\jsound.dll
0x6d600000 - 0x6d608000 	C:\Program Files\Java\jdk1.6.0_17\jre\bin\jsoundds.dll
0x674e0000 - 0x67552000 	C:\Windows\system32\DSOUND.dll
0x746a0000 - 0x746c5000 	C:\Windows\system32\POWRPROF.dll
0x772a0000 - 0x7743d000 	C:\Windows\system32\SETUPAPI.dll
0x75a00000 - 0x75a27000 	C:\Windows\system32\CFGMGR32.dll
0x75c10000 - 0x75c22000 	C:\Windows\system32\DEVOBJ.dll
0x74660000 - 0x74699000 	C:\Windows\system32\MMDevAPI.DLL
0x74750000 - 0x74845000 	C:\Windows\system32\PROPSYS.dll
0x6cdf0000 - 0x6ce20000 	C:\Windows\system32\wdmaud.drv
0x6cde0000 - 0x6cde4000 	C:\Windows\system32\ksuser.dll
0x74650000 - 0x74657000 	C:\Windows\system32\AVRT.dll
0x6cc60000 - 0x6cc96000 	C:\Windows\system32\AUDIOSES.DLL
0x742e0000 - 0x742e8000 	C:\Windows\system32\msacm32.drv
0x742c0000 - 0x742d4000 	C:\Windows\system32\MSACM32.dll
0x74160000 - 0x74167000 	C:\Windows\system32\midimap.dll

VM Arguments:
jvm_args: -Dfile.encoding=UTF-8 -Xmx256m -Djava.library.path=/home/mai/jdk1.6.0_18/jre/bin -Djava.net.preferIPv4Stack=true -Duser.language=th -Duser.region=TH 
java_command: co.th.aten.hospital.SimpleApp
Launcher Type: SUN_STANDARD

Environment Variables:
JAVA_HOME=C:\Program Files\Java\jdk1.6.0_17
JRE_HOME=C:\Program Files\Java\jdk1.6.0_17\jre
CLASSPATH=.;
PATH=C:\app\Atenpunk\product\11.2.0\dbhome_1\bin;C:\oracle\product\10.2.0\db_1\bin;C:\Windows\system32;C:\Windows;C:\Windows\System32\Wbem;C:\Windows\System32\WindowsPowerShell\v1.0\;C:\Program Files\TortoiseSVN\bin;C:\Program Files\Java\jdk1.6.0_17\bin;C:\apache-maven-3.0.4\bin;C:\Program Files\Java\jdk1.6.0_17\bin
USERNAME=Atenpunk
OS=Windows_NT
PROCESSOR_IDENTIFIER=x86 Family 6 Model 15 Stepping 13, GenuineIntel



---------------  S Y S T E M  ---------------

OS: Windows 7 Build 7600 

CPU:total 2 (2 cores per cpu, 1 threads per core) family 6 model 15 stepping 13, cmov, cx8, fxsr, mmx, sse, sse2, sse3, ssse3

Memory: 4k page, physical 2097151k(1289004k free), swap 4194303k(4128160k free)

vm_info: Java HotSpot(TM) Client VM (14.3-b01) for windows-x86 JRE (1.6.0_17-b04), built on Oct 11 2009 00:52:06 by "java_re" with MS VC++ 7.1

time: Sat Jun 08 15:13:12 2013
elapsed time: 9 seconds

