#
# A fatal error has been detected by the Java Runtime Environment:
#
#  EXCEPTION_ACCESS_VIOLATION (0xc0000005) at pc=0x75857a1f, pid=5468, tid=6096
#
# JRE version: 6.0_17-b04
# Java VM: Java HotSpot(TM) Client VM (14.3-b01 mixed mode windows-x86 )
# Problematic frame:
# C  [ole32.dll+0x37a1f]
#
# If you would like to submit a bug report, please visit:
#   http://java.sun.com/webapps/bugreport/crash.jsp
# The crash happened outside the Java Virtual Machine in native code.
# See problematic frame for where to report the bug.
#

---------------  T H R E A D  ---------------

Current thread (0x182d7400):  JavaThread "AWT-EventQueue-0" [_thread_in_native, id=6096, stack(0x18ae0000,0x18b30000)]

siginfo: ExceptionCode=0xc0000005, writing address 0x00000028

Registers:
EAX=0x18b2f150, EBX=0x75967758, ECX=0x00000000, EDX=0x00000000
ESP=0x18b2f120, EBP=0x18b2f128, ESI=0x18b2f150, EDI=0x00000028
EIP=0x75857a1f, EFLAGS=0x00010246

Top of Stack: (sp=0x18b2f120)
0x18b2f120:   002e5a18 002cbc70 18b2f164 758576eb
0x18b2f130:   18b2f150 019f6eb0 002e5a18 00000000
0x18b2f140:   00000000 002c1478 002cbc70 00000000
0x18b2f150:   00008000 0000155c a612b444 365d735d
0x18b2f160:   e3793e17 18b2f180 7585754a 17f58128
0x18b2f170:   00000000 7595d83e 183bf1f0 002e5a18
0x18b2f180:   18b2f1cc 758ae0a1 e3793ebf 183bf1f0
0x18b2f190:   183bf1f0 019f6eb0 75657695 00d83468 

Instructions: (pc=0x75857a1f)
0x75857a0f:   90 90 90 8b ff 55 8b ec 56 8b 75 08 57 8d 79 28
0x75857a1f:   a5 a5 a5 a5 5f 5e 5d c2 04 00 ff 75 0c ff 75 08 


Stack: [0x18ae0000,0x18b30000],  sp=0x18b2f120,  free space=316k
Native frames: (J=compiled Java code, j=interpreted, Vv=VM code, C=native code)
C  [ole32.dll+0x37a1f]
C  [ole32.dll+0x376eb]
C  [ole32.dll+0x3754a]
C  [ole32.dll+0x8e0a1]
C  [awt.dll+0x6fb7d]
j  sun.awt.windows.WComponentPeer.removeNativeDropTarget()V+0
j  sun.awt.windows.WComponentPeer.removeDropTarget(Ljava/awt/dnd/DropTarget;)V+18
j  java.awt.dnd.DropTarget.removeNotify(Ljava/awt/peer/ComponentPeer;)V+15
j  java.awt.Component.removeNotify()V+211
j  java.awt.Container.removeNotify()V+71
j  javax.swing.JComponent.removeNotify()V+1
j  javax.swing.text.JTextComponent.removeNotify()V+1
j  java.awt.Container.removeNotify()V+42
j  javax.swing.JComponent.removeNotify()V+1
j  java.awt.Container.removeNotify()V+42
j  javax.swing.JComponent.removeNotify()V+1
j  java.awt.Container.remove(I)V+55
j  java.awt.Container.remove(Ljava/awt/Component;)V+32
j  co.th.aten.hospital.ui.InitView.onApplicationEvent(Lorg/springframework/context/ApplicationEvent;)V+86
j  org.springframework.context.event.SimpleApplicationEventMulticaster$1.run()V+8
j  org.springframework.core.task.SyncTaskExecutor.execute(Ljava/lang/Runnable;)V+7
j  org.springframework.context.event.SimpleApplicationEventMulticaster.multicastEvent(Lorg/springframework/context/ApplicationEvent;)V+43
j  org.springframework.context.support.AbstractApplicationContext.publishEvent(Lorg/springframework/context/ApplicationEvent;)V+63
j  co.th.aten.hospital.ui.LoginPanel$1.done()V+79
j  javax.swing.SwingWorker$5.run()V+4
j  javax.swing.SwingWorker$DoSubmitAccumulativeRunnable.run(Ljava/util/List;)V+27
j  sun.swing.AccumulativeRunnable.run()V+5
j  javax.swing.SwingWorker$DoSubmitAccumulativeRunnable.actionPerformed(Ljava/awt/event/ActionEvent;)V+1
j  javax.swing.Timer.fireActionPerformed(Ljava/awt/event/ActionEvent;)V+35
j  javax.swing.Timer$DoPostEvent.run()V+71
j  java.awt.event.InvocationEvent.dispatch()V+47
j  java.awt.EventQueue.dispatchEvent(Ljava/awt/AWTEvent;)V+26
j  java.awt.EventDispatchThread.pumpOneEventForFilters(I)Z+204
j  java.awt.EventDispatchThread.pumpEventsForFilter(ILjava/awt/Conditional;Ljava/awt/EventFilter;)V+30
j  java.awt.EventDispatchThread.pumpEventsForHierarchy(ILjava/awt/Conditional;Ljava/awt/Component;)V+11
j  java.awt.EventDispatchThread.pumpEvents(ILjava/awt/Conditional;)V+4
j  java.awt.EventDispatchThread.pumpEvents(Ljava/awt/Conditional;)V+3
j  java.awt.EventDispatchThread.run()V+9
v  ~StubRoutines::call_stub
V  [jvm.dll+0xecf9c]
V  [jvm.dll+0x1741d1]
V  [jvm.dll+0xed167]
V  [jvm.dll+0xed1dd]
V  [jvm.dll+0x116290]
V  [jvm.dll+0x1d0414]
V  [jvm.dll+0x173e4c]
C  [msvcr71.dll+0x9565]
C  [kernel32.dll+0x51174]
C  [ntdll.dll+0x5b3f5]
C  [ntdll.dll+0x5b3c8]

Java frames: (J=compiled Java code, j=interpreted, Vv=VM code)
j  sun.awt.windows.WComponentPeer.removeNativeDropTarget()V+0
j  sun.awt.windows.WComponentPeer.removeDropTarget(Ljava/awt/dnd/DropTarget;)V+18
j  java.awt.dnd.DropTarget.removeNotify(Ljava/awt/peer/ComponentPeer;)V+15
j  java.awt.Component.removeNotify()V+211
j  java.awt.Container.removeNotify()V+71
j  javax.swing.JComponent.removeNotify()V+1
j  javax.swing.text.JTextComponent.removeNotify()V+1
j  java.awt.Container.removeNotify()V+42
j  javax.swing.JComponent.removeNotify()V+1
j  java.awt.Container.removeNotify()V+42
j  javax.swing.JComponent.removeNotify()V+1
j  java.awt.Container.remove(I)V+55
j  java.awt.Container.remove(Ljava/awt/Component;)V+32
j  co.th.aten.hospital.ui.InitView.onApplicationEvent(Lorg/springframework/context/ApplicationEvent;)V+86
j  org.springframework.context.event.SimpleApplicationEventMulticaster$1.run()V+8
j  org.springframework.core.task.SyncTaskExecutor.execute(Ljava/lang/Runnable;)V+7
j  org.springframework.context.event.SimpleApplicationEventMulticaster.multicastEvent(Lorg/springframework/context/ApplicationEvent;)V+43
j  org.springframework.context.support.AbstractApplicationContext.publishEvent(Lorg/springframework/context/ApplicationEvent;)V+63
j  co.th.aten.hospital.ui.LoginPanel$1.done()V+79
j  javax.swing.SwingWorker$5.run()V+4
j  javax.swing.SwingWorker$DoSubmitAccumulativeRunnable.run(Ljava/util/List;)V+27
j  sun.swing.AccumulativeRunnable.run()V+5
j  javax.swing.SwingWorker$DoSubmitAccumulativeRunnable.actionPerformed(Ljava/awt/event/ActionEvent;)V+1
j  javax.swing.Timer.fireActionPerformed(Ljava/awt/event/ActionEvent;)V+35
j  javax.swing.Timer$DoPostEvent.run()V+71
j  java.awt.event.InvocationEvent.dispatch()V+47
j  java.awt.EventQueue.dispatchEvent(Ljava/awt/AWTEvent;)V+26
j  java.awt.EventDispatchThread.pumpOneEventForFilters(I)Z+204
j  java.awt.EventDispatchThread.pumpEventsForFilter(ILjava/awt/Conditional;Ljava/awt/EventFilter;)V+30
j  java.awt.EventDispatchThread.pumpEventsForHierarchy(ILjava/awt/Conditional;Ljava/awt/Component;)V+11
j  java.awt.EventDispatchThread.pumpEvents(ILjava/awt/Conditional;)V+4
j  java.awt.EventDispatchThread.pumpEvents(Ljava/awt/Conditional;)V+3
j  java.awt.EventDispatchThread.run()V+9
v  ~StubRoutines::call_stub

---------------  P R O C E S S  ---------------

Java Threads: ( => current thread )
  0x17eac400 JavaThread "Java Sound Event Dispatcher" daemon [_thread_blocked, id=2976, stack(0x1a2d0000,0x1a320000)]
  0x17eabc00 JavaThread "MSG_RESTORE" [_thread_blocked, id=3904, stack(0x19d30000,0x19d80000)]
  0x17eab800 JavaThread "Thread-5" [_thread_in_native, id=588, stack(0x19ce0000,0x19d30000)]
  0x17eab000 JavaThread "Timer-0" daemon [_thread_blocked, id=5708, stack(0x19c90000,0x19ce0000)]
  0x1930dc00 JavaThread "SwingWorker-pool-1-thread-1" [_thread_blocked, id=4204, stack(0x19c40000,0x19c90000)]
  0x1930b000 JavaThread "TimerQueue" daemon [_thread_blocked, id=4304, stack(0x19bf0000,0x19c40000)]
  0x00d5b800 JavaThread "DestroyJavaVM" [_thread_blocked, id=1636, stack(0x00390000,0x003e0000)]
  0x192fd800 JavaThread "Image Fetcher 2" daemon [_thread_blocked, id=1484, stack(0x19a90000,0x19ae0000)]
  0x192fd400 JavaThread "Image Fetcher 1" daemon [_thread_blocked, id=4664, stack(0x18c50000,0x18ca0000)]
  0x192fcc00 JavaThread "Thread-3" [_thread_blocked, id=5844, stack(0x18c00000,0x18c50000)]
  0x01a29800 JavaThread "Image Fetcher 0" daemon [_thread_blocked, id=2276, stack(0x18b30000,0x18b80000)]
=>0x182d7400 JavaThread "AWT-EventQueue-0" [_thread_in_native, id=6096, stack(0x18ae0000,0x18b30000)]
  0x18019000 JavaThread "AWT-Windows" daemon [_thread_in_native, id=1168, stack(0x18640000,0x18690000)]
  0x1801a800 JavaThread "AWT-Shutdown" [_thread_blocked, id=2628, stack(0x185f0000,0x18640000)]
  0x1801a000 JavaThread "Java2D Disposer" daemon [_thread_blocked, id=5776, stack(0x185a0000,0x185f0000)]
  0x01a34400 JavaThread "Low Memory Detector" daemon [_thread_blocked, id=2084, stack(0x17d20000,0x17d70000)]
  0x01a03000 JavaThread "CompilerThread0" daemon [_thread_blocked, id=4072, stack(0x17cd0000,0x17d20000)]
  0x01a02400 JavaThread "Attach Listener" daemon [_thread_blocked, id=6012, stack(0x17c80000,0x17cd0000)]
  0x019ff800 JavaThread "Signal Dispatcher" daemon [_thread_blocked, id=4144, stack(0x17c30000,0x17c80000)]
  0x019f0800 JavaThread "Finalizer" daemon [_thread_blocked, id=5868, stack(0x17be0000,0x17c30000)]
  0x019ebc00 JavaThread "Reference Handler" daemon [_thread_blocked, id=6032, stack(0x17b90000,0x17be0000)]

Other Threads:
  0x019e8000 VMThread [stack: 0x00d00000,0x00d50000] [id=4744]
  0x01a3cc00 WatcherThread [stack: 0x17d70000,0x17dc0000] [id=5268]

VM state:not at safepoint (normal execution)

VM Mutex/Monitor currently owned by a thread: None

Heap
 def new generation   total 960K, used 468K [0x03a60000, 0x03b60000, 0x04e10000)
  eden space 896K,  45% used [0x03a60000, 0x03ac51b0, 0x03b40000)
  from space 64K, 100% used [0x03b40000, 0x03b50000, 0x03b50000)
  to   space 64K,   0% used [0x03b50000, 0x03b50000, 0x03b60000)
 tenured generation   total 13240K, used 10825K [0x04e10000, 0x05afe000, 0x13a60000)
   the space 13240K,  81% used [0x04e10000, 0x058a27a0, 0x058a2800, 0x05afe000)
 compacting perm gen  total 19200K, used 19003K [0x13a60000, 0x14d20000, 0x17a60000)
   the space 19200K,  98% used [0x13a60000, 0x14ceec18, 0x14ceee00, 0x14d20000)
No shared spaces configured.

Dynamic libraries:
0x00400000 - 0x00424000 	C:\Program Files\Java\jdk1.6.0_17\jre\bin\java.exe
0x76f30000 - 0x7706c000 	C:\Windows\SYSTEM32\ntdll.dll
0x77080000 - 0x77154000 	C:\Windows\system32\kernel32.dll
0x75220000 - 0x7526a000 	C:\Windows\system32\KERNELBASE.dll
0x768e0000 - 0x76980000 	C:\Windows\system32\ADVAPI32.dll
0x76e00000 - 0x76eac000 	C:\Windows\system32\msvcrt.dll
0x75b00000 - 0x75b19000 	C:\Windows\SYSTEM32\sechost.dll
0x76bc0000 - 0x76c61000 	C:\Windows\system32\RPCRT4.dll
0x7c340000 - 0x7c396000 	C:\Program Files\Java\jdk1.6.0_17\jre\bin\msvcr71.dll
0x6d8b0000 - 0x6db3b000 	C:\Program Files\Java\jdk1.6.0_17\jre\bin\client\jvm.dll
0x75640000 - 0x75709000 	C:\Windows\system32\USER32.dll
0x75b20000 - 0x75b6e000 	C:\Windows\system32\GDI32.dll
0x76880000 - 0x7688a000 	C:\Windows\system32\LPK.dll
0x75b90000 - 0x75c2d000 	C:\Windows\system32\USP10.dll
0x705e0000 - 0x70612000 	C:\Windows\system32\WINMM.dll
0x75b70000 - 0x75b8f000 	C:\Windows\system32\IMM32.DLL
0x75750000 - 0x7581c000 	C:\Windows\system32\MSCTF.dll
0x74fb0000 - 0x74ffb000 	C:\Windows\system32\apphelp.dll
0x6d860000 - 0x6d86c000 	C:\Program Files\Java\jdk1.6.0_17\jre\bin\verify.dll
0x6d3e0000 - 0x6d3ff000 	C:\Program Files\Java\jdk1.6.0_17\jre\bin\java.dll
0x6d340000 - 0x6d348000 	C:\Program Files\Java\jdk1.6.0_17\jre\bin\hpi.dll
0x76980000 - 0x76985000 	C:\Windows\system32\PSAPI.DLL
0x6d8a0000 - 0x6d8af000 	C:\Program Files\Java\jdk1.6.0_17\jre\bin\zip.dll
0x6d0b0000 - 0x6d1fa000 	C:\Program Files\Java\jdk1.6.0_17\jre\bin\awt.dll
0x71850000 - 0x718a1000 	C:\Windows\system32\WINSPOOL.DRV
0x75820000 - 0x7597c000 	C:\Windows\system32\ole32.dll
0x74010000 - 0x741ae000 	C:\Windows\WinSxS\x86_microsoft.windows.common-controls_6595b64144ccf1df_6.0.7600.16385_none_421189da2b7fabfc\comctl32.dll
0x755e0000 - 0x75637000 	C:\Windows\system32\SHLWAPI.dll
0x73b60000 - 0x73b73000 	C:\Windows\system32\DWMAPI.DLL
0x73e60000 - 0x73ea0000 	C:\Windows\system32\uxtheme.dll
0x75000000 - 0x7500c000 	C:\Windows\system32\CRYPTBASE.dll
0x75c30000 - 0x76879000 	C:\Windows\system32\shell32.dll
0x6d2e0000 - 0x6d334000 	C:\Program Files\Java\jdk1.6.0_17\jre\bin\fontmanager.dll
0x6d500000 - 0x6d524000 	C:\Program Files\Java\jdk1.6.0_17\jre\bin\jpeg.dll
0x76990000 - 0x76a13000 	C:\Windows\system32\CLBCatQ.DLL
0x76d70000 - 0x76dff000 	C:\Windows\system32\OLEAUT32.dll
0x6d6c0000 - 0x6d6d3000 	C:\Program Files\Java\jdk1.6.0_17\jre\bin\net.dll
0x75710000 - 0x75745000 	C:\Windows\system32\WS2_32.dll
0x77070000 - 0x77076000 	C:\Windows\system32\NSI.dll
0x74af0000 - 0x74b2c000 	C:\Windows\system32\mswsock.dll
0x74ae0000 - 0x74ae6000 	C:\Windows\System32\wship6.dll
0x6d6e0000 - 0x6d6e9000 	C:\Program Files\Java\jdk1.6.0_17\jre\bin\nio.dll
0x19be0000 - 0x19be8000 	C:\Program Files\Internet Download Manager\idmmkb.dll
0x74610000 - 0x74615000 	C:\Windows\System32\wshtcpip.dll
0x6d5d0000 - 0x6d5f4000 	C:\Program Files\Java\jdk1.6.0_17\jre\bin\jsound.dll
0x6d600000 - 0x6d608000 	C:\Program Files\Java\jdk1.6.0_17\jre\bin\jsoundds.dll
0x67d50000 - 0x67dc2000 	C:\Windows\system32\DSOUND.dll
0x73950000 - 0x73975000 	C:\Windows\system32\POWRPROF.dll
0x76a20000 - 0x76bbd000 	C:\Windows\system32\SETUPAPI.dll
0x75290000 - 0x752b7000 	C:\Windows\system32\CFGMGR32.dll
0x75270000 - 0x75282000 	C:\Windows\system32\DEVOBJ.dll
0x73b80000 - 0x73bb9000 	C:\Windows\system32\MMDevAPI.DLL
0x73ea0000 - 0x73f95000 	C:\Windows\system32\PROPSYS.dll
0x6c350000 - 0x6c380000 	C:\Windows\system32\wdmaud.drv
0x6c340000 - 0x6c344000 	C:\Windows\system32\ksuser.dll
0x73940000 - 0x73947000 	C:\Windows\system32\AVRT.dll
0x6c300000 - 0x6c336000 	C:\Windows\system32\AUDIOSES.DLL
0x6c2f0000 - 0x6c2f8000 	C:\Windows\system32\msacm32.drv
0x6c2d0000 - 0x6c2e4000 	C:\Windows\system32\MSACM32.dll
0x6c2c0000 - 0x6c2c7000 	C:\Windows\system32\midimap.dll
0x74b30000 - 0x74b46000 	C:\Windows\system32\CRYPTSP.dll
0x748d0000 - 0x7490b000 	C:\Windows\system32\rsaenh.dll
0x75070000 - 0x7507e000 	C:\Windows\system32\RpcRtRemote.dll

VM Arguments:
jvm_args: -Dfile.encoding=UTF-8 -Xmx256m -Djava.library.path=/home/mai/jdk1.6.0_18/jre/bin -Djava.net.preferIPv4Stack=true -Duser.language=th -Duser.region=TH 
java_command: co.th.aten.hospital.SimpleApp
Launcher Type: SUN_STANDARD

Environment Variables:
JAVA_HOME=C:\Program Files\Java\jdk1.6.0_17
JRE_HOME=C:\Program Files\Java\jdk1.6.0_17\jre
CLASSPATH=.;
PATH=C:\app\Atenpunk\product\11.2.0\dbhome_1\bin;C:\oracle\product\10.2.0\db_1\bin;C:\Windows\system32;C:\Windows;C:\Windows\System32\Wbem;C:\Windows\System32\WindowsPowerShell\v1.0\;C:\Program Files\TortoiseSVN\bin;C:\Program Files\Java\jdk1.6.0_17\bin;C:\apache-maven-3.0.4\bin;C:\Program Files\Java\jdk1.6.0_17\bin
USERNAME=Atenpunk
OS=Windows_NT
PROCESSOR_IDENTIFIER=x86 Family 6 Model 15 Stepping 13, GenuineIntel



---------------  S Y S T E M  ---------------

OS: Windows 7 Build 7600 

CPU:total 2 (2 cores per cpu, 1 threads per core) family 6 model 15 stepping 13, cmov, cx8, fxsr, mmx, sse, sse2, sse3, ssse3

Memory: 4k page, physical 2097151k(1764320k free), swap 4194303k(4170444k free)

vm_info: Java HotSpot(TM) Client VM (14.3-b01) for windows-x86 JRE (1.6.0_17-b04), built on Oct 11 2009 00:52:06 by "java_re" with MS VC++ 7.1

time: Mon Jun 10 00:07:40 2013
elapsed time: 7 seconds

